#
# There is insufficient memory for the Java Runtime Environment to continue.
# Native memory allocation (mmap) failed to map 201326592 bytes for G1 virtual space
# Possible reasons:
#   The system is out of physical RAM or swap space
#   The process is running with CompressedOops enabled, and the Java Heap may be blocking the growth of the native heap
# Possible solutions:
#   Reduce memory load on the system
#   Increase physical memory or swap space
#   Check if swap backing store is full
#   Decrease Java heap size (-Xmx/-Xms)
#   Decrease number of Java threads
#   Decrease Java thread stack sizes (-Xss)
#   Set larger code cache with -XX:ReservedCodeCacheSize=
#   JVM is running with Unscaled Compressed Oops mode in which the Java heap is
#     placed in the first 4GB address space. The Java Heap base address is the
#     maximum limit for the native heap growth. Please use -XX:HeapBaseMinAddress
#     to set the Java Heap base and to place the Java Heap above 4GB virtual address.
# This output file may be truncated or incomplete.
#
#  Out of Memory Error (os_windows.cpp:3548), pid=24464, tid=24592
#
# JRE version:  (17.0.12+8) (build )
# Java VM: Java HotSpot(TM) 64-Bit Server VM (17.0.12+8-LTS-286, mixed mode, sharing, tiered, compressed oops, compressed class ptrs, g1 gc, windows-amd64)
# No core dump will be written. Minidumps are not enabled by default on client versions of Windows
#

---------------  S U M M A R Y ------------

Command Line: -Xmx1024M -Xss1m F:\WORKING_FILES\working_file\duplicate1\crm_old_details_page_design\apksigner.jar sign --ks Lead247.jks --ks-pass file:passwordJarSing.txt --v1-signing-enabled true --v2-signing-enabled true --min-sdk-version 21 SiteCRM.aab

Host: AMD Ryzen 5 3600 6-Core Processor              , 12 cores, 11G,  Windows 11 , 64 bit Build 22621 (10.0.22621.5415)
Time: Thu Jul  3 18:22:14 2025 India Standard Time elapsed time: 0.010918 seconds (0d 0h 0m 0s)

---------------  T H R E A D  ---------------

Current thread (0x000001d3148d2b60):  JavaThread "Unknown thread" [_thread_in_vm, id=24592, stack(0x000000c518100000,0x000000c518200000)]

Stack: [0x000000c518100000,0x000000c518200000]
Native frames: (J=compiled Java code, j=interpreted, Vv=VM code, C=native code)
V  [jvm.dll+0x67a04a]
V  [jvm.dll+0x7da4ed]
V  [jvm.dll+0x7dbe33]
V  [jvm.dll+0x7dc4a3]
V  [jvm.dll+0x24508f]
V  [jvm.dll+0x677089]
V  [jvm.dll+0x66bd32]
V  [jvm.dll+0x301fa6]
V  [jvm.dll+0x309546]
V  [jvm.dll+0x359d2e]
V  [jvm.dll+0x359f5f]
V  [jvm.dll+0x2d9078]
V  [jvm.dll+0x2d9fe4]
V  [jvm.dll+0x7aca21]
V  [jvm.dll+0x367591]
V  [jvm.dll+0x78b999]
V  [jvm.dll+0x3ec83f]
V  [jvm.dll+0x3ee471]
C  [jli.dll+0x5297]
C  [ucrtbase.dll+0x29333]
C  [KERNEL32.DLL+0x1259d]
C  [ntdll.dll+0x5af78]


---------------  P R O C E S S  ---------------

Threads class SMR info:
_java_thread_list=0x00007ffbaf0f7a18, length=0, elements={
}

Java Threads: ( => current thread )

Other Threads:
  0x000001d314910f10 GCTaskThread "GC Thread#0" [stack: 0x000000c518200000,0x000000c518300000] [id=24296]
  0x000001d31491a280 ConcurrentGCThread "G1 Main Marker" [stack: 0x000000c518300000,0x000000c518400000] [id=14192]
  0x000001d31491aaa0 ConcurrentGCThread "G1 Conc#0" [stack: 0x000000c518400000,0x000000c518500000] [id=14920]

[error occurred during error reporting (printing all threads), id 0xc0000005, EXCEPTION_ACCESS_VIOLATION (0xc0000005) at pc=0x00007ffbae929b67]

VM state: not at safepoint (not fully initialized)

VM Mutex/Monitor currently owned by a thread:  ([mutex/lock_event])
[0x000001d3148cd750] Heap_lock - owner thread: 0x000001d3148d2b60

Heap address: 0x00000000c0000000, size: 1024 MB, Compressed Oops mode: 32-bit

CDS archive(s) mapped at: [0x0000000000000000-0x0000000000000000-0x0000000000000000), size 0, SharedBaseAddress: 0x0000000800000000, ArchiveRelocationMode: 1.
Narrow klass base: 0x0000000000000000, Narrow klass shift: 0, Narrow klass range: 0x0

GC Precious Log:
<Empty>

Heap:
 garbage-first heap   total 0K, used 0K [0x00000000c0000000, 0x0000000100000000)
  region size 1024K, 0 young (0K), 0 survivors (0K)

[error occurred during error reporting (printing heap information), id 0xc0000005, EXCEPTION_ACCESS_VIOLATION (0xc0000005) at pc=0x00007ffbaed13859]

GC Heap History (0 events):
No events

Deoptimization events (0 events):
No events

Classes unloaded (0 events):
No events

Classes redefined (0 events):
No events

Internal exceptions (0 events):
No events

VM Operations (0 events):
No events

Events (1 events):
Event: 0.005 Loaded shared library C:\Program Files\Java\jdk-17\bin\java.dll


Dynamic libraries:
0x00007ff7448a0000 - 0x00007ff7448b0000 	C:\Program Files\Java\jdk-17\bin\java.exe
0x00007ffbea770000 - 0x00007ffbea987000 	C:\WINDOWS\SYSTEM32\ntdll.dll
0x00007ffbea130000 - 0x00007ffbea1f4000 	C:\WINDOWS\System32\KERNEL32.DLL
0x00007ffbe79c0000 - 0x00007ffbe7d92000 	C:\WINDOWS\System32\KERNELBASE.dll
0x00007ffbe81e0000 - 0x00007ffbe82f1000 	C:\WINDOWS\System32\ucrtbase.dll
0x00007ffbe3f80000 - 0x00007ffbe3f99000 	C:\Program Files\Java\jdk-17\bin\jli.dll
0x00007ffbc7290000 - 0x00007ffbc72ab000 	C:\Program Files\Java\jdk-17\bin\VCRUNTIME140.dll
0x00007ffbe8f50000 - 0x00007ffbe9001000 	C:\WINDOWS\System32\ADVAPI32.dll
0x00007ffbe8a80000 - 0x00007ffbe8b27000 	C:\WINDOWS\System32\msvcrt.dll
0x00007ffbe9300000 - 0x00007ffbe93a8000 	C:\WINDOWS\System32\sechost.dll
0x00007ffbe81b0000 - 0x00007ffbe81d8000 	C:\WINDOWS\System32\bcrypt.dll
0x00007ffbea380000 - 0x00007ffbea494000 	C:\WINDOWS\System32\RPCRT4.dll
0x00007ffbe93e0000 - 0x00007ffbe9591000 	C:\WINDOWS\System32\USER32.dll
0x00007ffbe8180000 - 0x00007ffbe81a6000 	C:\WINDOWS\System32\win32u.dll
0x00007ffbd7b80000 - 0x00007ffbd7e1b000 	C:\WINDOWS\WinSxS\amd64_microsoft.windows.common-controls_6595b64144ccf1df_6.0.22621.5415_none_270d77d17387d7da\COMCTL32.dll
0x00007ffbe8f20000 - 0x00007ffbe8f49000 	C:\WINDOWS\System32\GDI32.dll
0x00007ffbe8050000 - 0x00007ffbe8173000 	C:\WINDOWS\System32\gdi32full.dll
0x00007ffbe7860000 - 0x00007ffbe78fa000 	C:\WINDOWS\System32\msvcp_win.dll
0x00007ffbe4a10000 - 0x00007ffbe4a1a000 	C:\WINDOWS\SYSTEM32\VERSION.dll
0x00007ffbe8ee0000 - 0x00007ffbe8f11000 	C:\WINDOWS\System32\IMM32.DLL
0x00007ffbc5460000 - 0x00007ffbc546c000 	C:\Program Files\Java\jdk-17\bin\vcruntime140_1.dll
0x00007ffbb4fe0000 - 0x00007ffbb506e000 	C:\Program Files\Java\jdk-17\bin\msvcp140.dll
0x00007ffbae640000 - 0x00007ffbaf220000 	C:\Program Files\Java\jdk-17\bin\server\jvm.dll
0x00007ffbe9f30000 - 0x00007ffbe9f38000 	C:\WINDOWS\System32\PSAPI.DLL
0x00007ffbc50b0000 - 0x00007ffbc50b9000 	C:\WINDOWS\SYSTEM32\WSOCK32.dll
0x00007ffbe00f0000 - 0x00007ffbe0124000 	C:\WINDOWS\SYSTEM32\WINMM.dll
0x00007ffbe91f0000 - 0x00007ffbe9261000 	C:\WINDOWS\System32\WS2_32.dll
0x00007ffbe6980000 - 0x00007ffbe6998000 	C:\WINDOWS\SYSTEM32\kernel.appcore.dll
0x00007ffbc50a0000 - 0x00007ffbc50aa000 	C:\Program Files\Java\jdk-17\bin\jimage.dll
0x00007ffbd67a0000 - 0x00007ffbd69d3000 	C:\WINDOWS\SYSTEM32\DBGHELP.DLL
0x00007ffbe8b30000 - 0x00007ffbe8ec3000 	C:\WINDOWS\System32\combase.dll
0x00007ffbe9e50000 - 0x00007ffbe9f27000 	C:\WINDOWS\System32\OLEAUT32.dll
0x00007ffbce720000 - 0x00007ffbce752000 	C:\WINDOWS\SYSTEM32\dbgcore.DLL
0x00007ffbe8300000 - 0x00007ffbe837b000 	C:\WINDOWS\System32\bcryptPrimitives.dll
0x00007ffbbd2c0000 - 0x00007ffbbd2e5000 	C:\Program Files\Java\jdk-17\bin\java.dll

dbghelp: loaded successfully - version: 4.0.5 - missing functions: none
symbol engine: initialized successfully - sym options: 0x614 - pdb path: .;C:\Program Files\Java\jdk-17\bin;C:\WINDOWS\SYSTEM32;C:\WINDOWS\WinSxS\amd64_microsoft.windows.common-controls_6595b64144ccf1df_6.0.22621.5415_none_270d77d17387d7da;C:\Program Files\Java\jdk-17\bin\server

VM Arguments:
jvm_args: -Xmx1024M -Xss1m 
java_command: F:\WORKING_FILES\working_file\duplicate1\crm_old_details_page_design\apksigner.jar sign --ks Lead247.jks --ks-pass file:passwordJarSing.txt --v1-signing-enabled true --v2-signing-enabled true --min-sdk-version 21 SiteCRM.aab
java_class_path (initial): F:\WORKING_FILES\working_file\duplicate1\crm_old_details_page_design\apksigner.jar
Launcher Type: SUN_STANDARD

[Global flags]
     intx CICompilerCount                          = 4                                         {product} {ergonomic}
     uint ConcGCThreads                            = 3                                         {product} {ergonomic}
     uint G1ConcRefinementThreads                  = 10                                        {product} {ergonomic}
   size_t G1HeapRegionSize                         = 1048576                                   {product} {ergonomic}
    uintx GCDrainStackTargetSize                   = 64                                        {product} {ergonomic}
   size_t InitialHeapSize                          = 201326592                                 {product} {ergonomic}
   size_t MarkStackSize                            = 4194304                                   {product} {ergonomic}
   size_t MaxHeapSize                              = 1073741824                                {product} {command line}
   size_t MinHeapDeltaBytes                        = 1048576                                   {product} {ergonomic}
   size_t MinHeapSize                              = 8388608                                   {product} {ergonomic}
    uintx NonNMethodCodeHeapSize                   = 5839372                                {pd product} {ergonomic}
    uintx NonProfiledCodeHeapSize                  = 122909434                              {pd product} {ergonomic}
    uintx ProfiledCodeHeapSize                     = 122909434                              {pd product} {ergonomic}
    uintx ReservedCodeCacheSize                    = 251658240                              {pd product} {ergonomic}
     bool SegmentedCodeCache                       = true                                      {product} {ergonomic}
   size_t SoftMaxHeapSize                          = 1073741824                             {manageable} {ergonomic}
     intx ThreadStackSize                          = 1024                                   {pd product} {command line}
     bool UseCompressedClassPointers               = true                           {product lp64_product} {ergonomic}
     bool UseCompressedOops                        = true                           {product lp64_product} {ergonomic}
     bool UseG1GC                                  = true                                      {product} {ergonomic}
     bool UseLargePagesIndividualAllocation        = false                                  {pd product} {ergonomic}

Logging:
Log output configuration:
 #0: stdout all=warning uptime,level,tags
 #1: stderr all=off uptime,level,tags

Environment Variables:
JAVA_HOME=C:\Program Files\Java\jdk-17
PATH=C:\Program Files\Common Files\Oracle\Java\javapath;C:\WINDOWS\system32;C:\WINDOWS;C:\WINDOWS\System32\Wbem;C:\WINDOWS\System32\WindowsPowerShell\v1.0\;C:\WINDOWS\System32\OpenSSH\;G:\NodeJS\;G:\Git\cmd;C:\Program Files\nodejs\;C:\Program Files\Git\cmd;C:\Users\gowsh\AppData\Local\Microsoft\WindowsApps;E:\Microsoft VS Code\bin;C:\Users\gowsh\AppData\Local\GitHubDesktop\bin;C:\Users\gowsh\AppData\Local\Programs\Microsoft VS Code\bin;C:\Users\gowsh\AppData\Local\Microsoft\WinGet\Packages\Schniz.fnm_Microsoft.Winget.Source_8wekyb3d8bbwe;C:\Users\gowsh\AppData\Roaming\npm;C:\Users\gowsh\AppData\Local\JetBrains\Toolbox\scripts;
USERNAME=Homes247
OS=Windows_NT
PROCESSOR_IDENTIFIER=AMD64 Family 23 Model 113 Stepping 0, AuthenticAMD



---------------  S Y S T E M  ---------------

OS:
 Windows 11 , 64 bit Build 22621 (10.0.22621.5415)
OS uptime: 0 days 4:31 hours

CPU: total 12 (initial active 12) (12 cores per cpu, 2 threads per core) family 23 model 113 stepping 0 microcode 0x0, cx8, cmov, fxsr, ht, mmx, 3dnowpref, sse, sse2, sse3, ssse3, sse4a, sse4.1, sse4.2, popcnt, lzcnt, tsc, tscinvbit, avx, avx2, aes, clmul, bmi1, bmi2, adx, sha, fma, vzeroupper, clflush, clflushopt

Memory: 4k page, system-wide physical 12211M (419M free)
TotalPageFile size 27381M (AvailPageFile size 8M)
current process WorkingSet (physical memory assigned to process): 11M, peak: 11M
current process commit charge ("private bytes"): 64M, peak: 256M

vm_info: Java HotSpot(TM) 64-Bit Server VM (17.0.12+8-LTS-286) for windows-amd64 JRE (17.0.12+8-LTS-286), built on Jun  5 2024 06:46:59 by "mach5one" with MS VC++ 17.6 (VS2022)

END.
